<?xml version="1.0" encoding="UTF-8"?>
<testsuite xmlns:xsi="http://www.w3.org/2001/XMLSchema-instance" xsi:noNamespaceSchemaLocation="https://maven.apache.org/surefire/maven-surefire-plugin/xsd/surefire-test-report.xsd" name="com.company.primerproyectorestassured.features.RedmineOtherTests" time="7.019" tests="7" errors="0" skipped="0" failures="2">
  <properties>
[...]
</properties>
  <testcase name="getAllIssueData" classname="com.company.primerproyectorestassured.features.RedmineOtherTests" time="2.508"/>
  <testcase name="getAllIssueDataCheck" classname="com.company.primerproyectorestassured.features.RedmineOtherTests" time="0.666"/>
  <testcase name="extractFirstIssueSubject" classname="com.company.primerproyectorestassured.features.RedmineOtherTests" time="0.883"/>
  <testcase name="getFirstIssueSubject" classname="com.company.primerproyectorestassured.features.RedmineOtherTests" time="1.015">
    <failure message="1 expectation failed.&#10;JSON path issues[3].subject doesn&apos;t match.&#10;Expected: Mi issue actualizado desde RestAssured.&#10;  Actual: Mi issue XML actualizado desde Postman&#10;" type="java.lang.AssertionError">java.lang.AssertionError: 
1 expectation failed.
JSON path issues[3].subject doesn't match.
Expected: Mi issue actualizado desde RestAssured.
  Actual: Mi issue XML actualizado desde Postman

	at com.company.primerproyectorestassured.features.RedmineOtherTests.getFirstIssueSubject(RedmineOtherTests.java:34)
</failure>
    <system-out><![CDATA[Request method:	GET
Request URI:	http://192.168.0.7:8081/issues.json
Proxy:			<none>
Request params:	<none>
Query params:	<none>
Form params:	<none>
Path params:	<none>
Headers:		Accept=application/json
				X-Redmine-API-Key=475338c5e8fe95ef9f9c1cae8cb69610e2d413ac
				Content-Type=application/json; charset=UTF-8
Cookies:		<none>
Multiparts:		<none>
Body:			<none>
HTTP/1.1 200 OK
Content-Type: application/json; charset=utf-8
Transfer-Encoding: chunked
Connection: keep-alive
Status: 200 OK
Cache-Control: max-age=0, private, must-revalidate
Referrer-Policy: strict-origin-when-cross-origin
X-Permitted-Cross-Domain-Policies: none
X-XSS-Protection: 1; mode=block
X-Request-Id: dac69b95-9bb7-4f5c-968f-a6dc887371fe
X-Download-Options: noopen
ETag: W/"979e025293c1261dd8f6b44273132d59"
X-Frame-Options: SAMEORIGIN
X-Runtime: 0.075404
X-Content-Type-Options: nosniff
Date: Thu, 21 May 2020 06:35:30 GMT
Set-Cookie: _redmine_session=eHZDY1Y3bkNwZ1YwU3dkemVZbkZXM0xuejRYUmExekdPZVhGREZ2cmtWQVFZNENINzU3bWxrUGQyeWlvRDZrUkV5ZllXYVFYZkRYdWZadTNXbVBQY3BBM1RmYmpydHZ2WGlEeUk1YTE3eGtJeVkvMXVvamxMZFE5YVp0VTBQbzlqRDNUR0dzeG5mK2pmTjZJaFdNUWp5NklmNURGWjU5MWF5amZkclFkY0NFRTZyUUN5U21TK2pDRHJWL05NZE4wY0dwbzVKaUpQc3JRbTdLbG56NWl0SkNzNWQ0NmVCenZBZkZUWExjZzY1NkdBNHN0QkJCaFAvYldLR2xWRDZvYVhRYlRzTTBxNjdQWjB4Si9vekxDN3R4VVlNMzBtQnc5YTJSNm9NN2F0Y1BlQWdkbGVFdEdBVXNmeWU2RmxHQ1gtLWdwMlVSRTdSL1lnUjErZm9GS0VidVE9PQ%3D%3D--1bffa3f8bd6d3b26ad89409313b5b5dd7750eeae; path=/; HttpOnly
X-Powered-By: Phusion Passenger 6.0.4
Server: nginx/1.17.3 + Phusion Passenger 6.0.4
Content-Encoding: gzip

{
    "issues": [
        {
            "id": 9,
            "project": {
                "id": 1,
                "name": "ProyectoPrueba"
            },
            "tracker": {
                "id": 1,
                "name": "Bug"
            },
            "status": {
                "id": 1,
                "name": "New"
            },
            "priority": {
                "id": 1,
                "name": "Low"
            },
            "author": {
                "id": 1,
                "name": "Redmine Admin"
            },
            "subject": "Mi segundo issue creado desde RestAssured con XML.",
            "description": "As an admin user, I cannot create an user when xml...",
            "start_date": "2020-05-15",
            "due_date": null,
            "done_ratio": 0,
            "is_private": false,
            "estimated_hours": null,
            "created_on": "2020-05-15T20:24:02Z",
            "updated_on": "2020-05-15T20:26:16Z",
            "closed_on": null
        },
        {
            "id": 6,
            "project": {
                "id": 1,
                "name": "ProyectoPrueba"
            },
            "tracker": {
                "id": 1,
                "name": "Bug"
            },
            "status": {
                "id": 1,
                "name": "New"
            },
            "priority": {
                "id": 1,
                "name": "Low"
            },
            "author": {
                "id": 1,
                "name": "Redmine Admin"
            },
            "subject": "Mi primer issue creado desde postman con JSON",
            "description": "As an admin user",
            "start_date": "2020-05-15",
            "due_date": null,
            "done_ratio": 0,
            "is_private": false,
            "estimated_hours": null,
            "created_on": "2020-05-15T03:31:50Z",
            "updated_on": "2020-05-15T03:31:50Z",
            "closed_on": null
        },
        {
            "id": 5,
            "project": {
                "id": 1,
                "name": "ProyectoPrueba"
            },
            "tracker": {
                "id": 1,
                "name": "Bug"
            },
            "status": {
                "id": 1,
                "name": "New"
            },
            "priority": {
                "id": 1,
                "name": "Low"
            },
            "author": {
                "id": 1,
                "name": "Redmine Admin"
            },
            "subject": "Mi primer issue creado desde postman con XML.",
            "description": "As an admin user, I cannot create an user when xml...",
            "start_date": "2020-05-14",
            "due_date": null,
            "done_ratio": 0,
            "is_private": false,
            "estimated_hours": null,
            "created_on": "2020-05-14T05:51:51Z",
            "updated_on": "2020-05-15T20:25:33Z",
            "closed_on": null
        },
        {
            "id": 4,
            "project": {
                "id": 1,
                "name": "ProyectoPrueba"
            },
            "tracker": {
                "id": 1,
                "name": "Bug"
            },
            "status": {
                "id": 1,
                "name": "New"
            },
            "priority": {
                "id": 1,
                "name": "Low"
            },
            "author": {
                "id": 1,
                "name": "Redmine Admin"
            },
            "subject": "Mi issue XML actualizado desde Postman",
            "description": "As an admin user, I cannot create an user when xml...",
            "start_date": "2020-04-25",
            "due_date": null,
            "done_ratio": 0,
            "is_private": false,
            "estimated_hours": null,
            "created_on": "2020-04-25T16:41:50Z",
            "updated_on": "2020-05-20T02:34:36Z",
            "closed_on": null
        },
        {
            "id": 3,
            "project": {
                "id": 1,
                "name": "ProyectoPrueba"
            },
            "tracker": {
                "id": 1,
                "name": "Bug"
            },
            "status": {
                "id": 2,
                "name": "In Progress"
            },
            "priority": {
                "id": 1,
                "name": "Low"
            },
            "author": {
                "id": 1,
                "name": "Redmine Admin"
            },
            "subject": "Mi issue JSON actualizado desde RestAssured.",
            "description": "As an admin user, I cannot create an user when xml...",
            "start_date": "2020-04-25",
            "due_date": null,
            "done_ratio": 0,
            "is_private": false,
            "estimated_hours": null,
            "created_on": "2020-04-25T16:38:34Z",
            "updated_on": "2020-05-16T00:44:05Z",
            "closed_on": null
        },
        {
            "id": 2,
            "project": {
                "id": 1,
                "name": "ProyectoPrueba"
            },
            "tracker": {
                "id": 1,
                "name": "Bug"
            },
            "status": {
                "id": 1,
                "name": "New"
            },
            "priority": {
                "id": 1,
                "name": "Low"
            },
            "author": {
                "id": 1,
                "name": "Redmine Admin"
            },
            "subject": "Mi segundo issue creado desde RestAssured con JSON",
            "description": "As an admin user, I cannot create an user when...",
            "start_date": "2020-04-25",
            "due_date": null,
            "done_ratio": 0,
            "is_private": false,
            "estimated_hours": null,
            "created_on": "2020-04-25T16:23:59Z",
            "updated_on": "2020-05-15T21:01:52Z",
            "closed_on": null
        },
        {
            "id": 1,
            "project": {
                "id": 1,
                "name": "ProyectoPrueba"
            },
            "tracker": {
                "id": 1,
                "name": "Bug"
            },
            "status": {
                "id": 2,
                "name": "In Progress"
            },
            "priority": {
                "id": 2,
                "name": "Normal"
            },
            "author": {
                "id": 1,
                "name": "Redmine Admin"
            },
            "subject": "Mi issue XML actualizado desde RestAssured",
            "description": "As an admin user, I cannot create an user when...",
            "start_date": "2020-04-25",
            "due_date": null,
            "done_ratio": 0,
            "is_private": false,
            "estimated_hours": null,
            "created_on": "2020-04-25T15:08:13Z",
            "updated_on": "2020-05-16T00:55:12Z",
            "closed_on": null
        }
    ],
    "total_count": 7,
    "offset": 0,
    "limit": 25
}
]]></system-out>
  </testcase>
  <testcase name="extraerHeader" classname="com.company.primerproyectorestassured.features.RedmineOtherTests" time="0.098"/>
  <testcase name="extractAllIssueSubjects" classname="com.company.primerproyectorestassured.features.RedmineOtherTests" time="0.402"/>
  <testcase name="getIssueStarDate" classname="com.company.primerproyectorestassured.features.RedmineOtherTests" time="0.105">
    <failure message="1 expectation failed.&#10;JSON path issue.star_date doesn&apos;t match.&#10;Expected: 2020-04-25&#10;  Actual: null&#10;" type="java.lang.AssertionError">java.lang.AssertionError: 
1 expectation failed.
JSON path issue.star_date doesn't match.
Expected: 2020-04-25
  Actual: null

	at com.company.primerproyectorestassured.features.RedmineOtherTests.getIssueStarDate(RedmineOtherTests.java:24)
</failure>
    <system-out><![CDATA[Request method:	GET
Request URI:	http://192.168.0.7:8081/issues/4.json
Proxy:			<none>
Request params:	<none>
Query params:	<none>
Form params:	<none>
Path params:	id=4
Headers:		Accept=application/json
				X-Redmine-API-Key=475338c5e8fe95ef9f9c1cae8cb69610e2d413ac
				Content-Type=application/json; charset=UTF-8
Cookies:		<none>
Multiparts:		<none>
Body:			<none>
HTTP/1.1 200 OK
Content-Type: application/json; charset=utf-8
Transfer-Encoding: chunked
Connection: keep-alive
Status: 200 OK
Cache-Control: max-age=0, private, must-revalidate
Referrer-Policy: strict-origin-when-cross-origin
X-Permitted-Cross-Domain-Policies: none
X-XSS-Protection: 1; mode=block
X-Request-Id: abc0e3ad-14c4-4667-9371-f11affe086d1
X-Download-Options: noopen
ETag: W/"3bcd06ae7d9529e72260c871cae39043"
X-Frame-Options: SAMEORIGIN
X-Runtime: 0.072728
X-Content-Type-Options: nosniff
Date: Thu, 21 May 2020 06:35:31 GMT
X-Powered-By: Phusion Passenger 6.0.4
Server: nginx/1.17.3 + Phusion Passenger 6.0.4
Content-Encoding: gzip

{
    "issue": {
        "id": 4,
        "project": {
            "id": 1,
            "name": "ProyectoPrueba"
        },
        "tracker": {
            "id": 1,
            "name": "Bug"
        },
        "status": {
            "id": 1,
            "name": "New"
        },
        "priority": {
            "id": 1,
            "name": "Low"
        },
        "author": {
            "id": 1,
            "name": "Redmine Admin"
        },
        "subject": "Mi issue XML actualizado desde Postman",
        "description": "As an admin user, I cannot create an user when xml...",
        "start_date": "2020-04-25",
        "due_date": null,
        "done_ratio": 0,
        "is_private": false,
        "estimated_hours": null,
        "total_estimated_hours": null,
        "spent_hours": 0.0,
        "total_spent_hours": 0.0,
        "created_on": "2020-04-25T16:41:50Z",
        "updated_on": "2020-05-20T02:34:36Z",
        "closed_on": null
    }
}
]]></system-out>
  </testcase>
</testsuite>